#Eclipse modern messages class
#Fri Jul 14 17:52:49 ICT 2017
CUSTOM_RUN_MENU_LABEL=Custom capabilities
DIA_BTN_COPY_TO_CLIPBOARD=Copy to Clipboard
DIA_BTN_GEN_COMMAND=Generate Command
DIA_BTN_GEN_PROPERTY_FILE=Generate Property File
DIA_CHK_DISPLAY_CONSOLE_LOG=Display Console Log
DIA_CHK_FOR_FAILED_TEST_CASES=for failed Test Cases only
DIA_CHK_KEEP_CONSOLE_LOG=Keep Console Log after execution completed
DIA_CHK_SEND_SUMMARY_REPORT=Send Summary Report to recipients below
DIA_CHK_USE_RELATIVE_PATH=Use relative path to current project
DIA_CONFIRM_INSTALL_WEBDRIVER=WebDriver Extension is required for executing with {0}. Do you want to install it before running your test?
DIA_CONFIRM_INSTALL_WEBDRIVER_TITLE=WebDriver Installation
DIA_DRIVER_CONNECTOR_BUILDER=Driver Builder
DIA_DRIVER_LIST_CONNECTOR_BUILDER=Custom Execution Configuration Builder
DIA_GRP_EXECUTED_PLATFORM=Executive Platform
DIA_GRP_OTHER_OPTIONS=Other Options
DIA_GRP_REPORT_CONFIG=Report Configuration
DIA_LBL_CUSTOM_EXECUTION=Custom Execution
DIA_LBL_GENERATED_COMMAND_MESSAGE=Please copy the following text and use it in command line\:
DIA_LBL_MAIL_RECIPIENTS=Mail Recipients
DIA_LBL_POST_EXECUTION=Post Execution
DIA_LBL_REPORT_NAME=Report File Name
DIA_LBL_RETRY_TEST_SUITE=Retry Test Suite
DIA_LBL_RETRY_TIMES=times
DIA_LBL_SECONDS=second(s)
DIA_LBL_TYPE=Type
DIA_LBL_UPDATE_EXECUTION_STATUS=Update execution status of the Test Suite after
DIA_LBL_APIKEY=Katalon API Key
API_KEY_USAGE=* API key must be specified for enabling Katalon TestOps and Store plugin functions.
DIA_LIST_PROPERTY_VALUE_NAME=List Property Builder
DIA_MAP_PROPERTY_VALUE_NAME=Dictionary Property Builder
DIA_MSG_PLS_SPECIFY_FILE_LOCATION=Please specify the file location.
DIA_MSG_PLS_SPECIFY_X=Please specify {0}.
DIA_OUTPUT_LOCATION=Output Location
DIA_RADIO_BROWSER=Browser
DIA_RADIO_MOBILE_DEVICE=Mobile Device
DIA_REMOTE_WEB_DRIVER_URL=Remote Web Driver URL
DIA_SHELL_ADD_NEW_PREFERENCE=Add new preference
DIA_SHELL_EDIT_PREFERENCE=Edit preference
DIA_TITLE_GENERATED_COMMAND=Generated Command
DIA_TITLE_GENERATE_COMMAND_FOR_CONSOLE=Generate Command for Console Mode
DIA_TITLE_LOG_PROPERTIES=Log's Properties
DIA_TITLE_TEST_SUITE_BROWSER=Test Suite Browser
DIA_TXT_DEFAULT_REPORT_NAME=report
DIA_WARN_TEST_CASE_NOT_FOUND=Test case ''{0}'' not found
DIA_WARN_UNABLE_NAVIGATE_TEST_CASE_STEP=Unable to navigate to step {0} of test case ''{1}''
ERROR_SEND_TEST_EMAIL_FAIL=Unable to send test email ({0})
ERR_MSG_LIB_FILE_BEING_USED=Unable to remove {0} because the library is currently in use. Please stop Katalon Studio and remove it manually in [{1}Drivers].
HAND_CONFIRM_MSG_NO_TEST_CASE_IN_TEST_SUITE=The current test suite has no test case to run. Do you want to add some test cases?
HAND_CREATING_DIALOG=Loading dialog...
HAND_ERROR_MSG_CANNOT_TOGGLE_LINE_BREAKPOINT=Unable to toggle line breakpoint
HAND_ERROR_MSG_ERROR_IN_SCRIPT=There are errors in the script. Please fix before executing.
HAND_ERROR_MSG_NO_DEVICE=No device is selected
HAND_ERROR_MSG_REASON_INVALID_TEST_SUITE=Invalid test suite
HAND_ERROR_MSG_REASON_WRONG_SYNTAX=Wrong syntax
HAND_ERROR_MSG_UNABLE_TO_EXECUTE_SELECTED_TEST_CASE=Unable to execute the current selected test case.
HAND_ERROR_MSG_UNABLE_TO_EXECUTE_SELECTED_TEST_SUITE=Unable to execute the current selected test suite.
HAND_ERROR_MSG_UNABLE_TO_EXECUTE_TEST_SCRIPT_ROOT_CAUSE=Unable to execute test script. (Root cause\: {0})
HAND_INFO_MSG_NO_TEST_STEP_IN_TEST_CASE=The Test Case has no step to run. Please add some steps before execution.
HAND_JOB_ACTIVATING_VIEWERS=Activating viewers...
HAND_JOB_BUILDING_SCRIPTS=Building scripts...
HAND_JOB_LAUNCHING_TEST_CASE=Launching the test case...
HAND_JOB_LAUNCHING_TEST_SUITE=Launching the test suite...
HAND_JOB_VALIDATING_TEST_SUITE=Validating the test suite...
HAND_OPEN_DIALOG=Opening dialog...
HAND_OPEN_GENERATE_COMMAND_DIALOG=Opening Command Generator...
HAND_TITLE_INFORMATION=Information
HAND_WARN_MSG_NO_TEST_CASE_IN_TEST_SUITE=The current selected test suite has no test case.
HAND_WARN_MSG_NO_TEST_CASE_SELECTED=There is no test case selected.
INVALID_TYPE_MESSAGE=Invalid Type
LBL_EXECUTION_EXISTING_SESSION_BLANK_TITLE=(blank)
LBL_EXECUTION_NEW_SESSION=New Session
LBL_SETT_RECIPIENT_ADD=Add
LBL_SETT_RECIPIENT_CLR=Clear
LBL_SETT_RECIPIENT_DEL=Delete
LBL_ACTION_DELAY=Delay between actions (in seconds)
MENU_ITEM_NAVIGATE_TEST_CASE_STEP=Go to this step in Script View
MSG_DELETING_FILE_X=Deleting {0}
MSG_DELETING_LIBRARY_FILES=Deleting library files
PAGE_EXTERNAL_LIB_JOB_TASK_REBUILD_PROJECT=Updating external libraries...
PAGE_EXTERNAL_LIB_MSG_UNABLE_UPDATE_PROJECT=Unable to update external libraries
PA_COLLAPSE_ALL=Collapse all
PA_EXPAND_ALL=Expand all
PA_LBL_ELAPSED_TIME=Elapsed time\:
PA_LBL_ERRORS=Errors\:
PA_LBL_FAILURES=Failures\:
PA_LBL_SKIPS=Skips\:
PA_LBL_NAME=Name\:
PA_LBL_PASSES=Passes\:
PA_LBL_RUNS=Runs\:
PA_LBL_START=Start\:
PA_LOADING_LOG=Loading log
PA_LOADING_LOGS=Loading logs
PA_LOG_PAUSE=Pause
PA_LOG_RESUME=Resume
PA_NEXT_FAILURE=Show the next failure
PA_PREV_FAILURE=Show the previous failure
PA_TOOLTIP_SHOW_FAILED_STEPS_ONLY0=Only show failed steps
PREF_BUTTON_SEND_TEST_EMAIL=Send
PREF_CHKBOX_NOTIFY_ME_AFTER_EXE_COMPLETELY=Notify me
PREF_CHKBOX_OPEN_RPT_AFTER_EXE_COMPLETELY=Open report
PREF_CHKBOX_QUIT_DRIVERS_AFTER_EXE_COMPLETELY=Terminate drivers after each Test Case
PREF_CHKBOX_QUIT_DRIVERS_AFTER_EXE_TEST_SUITE_COMPLETELY=Terminate drivers after each Test Suite
PREF_ERROR_MSG_VAL_MUST_BE_AN_INT_BETWEEN_X_Y=Value must be an Integer between {0} and {1}
PREF_FAILED_APACHE_MAIL_PREFIX_ERROR_MSG=Sending the email to the following server failed 
PREF_GROUP_LBL_EXECUTION_MAIL=Email Template
PREF_GROUP_LBL_MAIL_SERVER=Mail Server Settings
PREF_GRP_POST_EXECUTION_OPTIONS=Post-Execution Options
PREF_LBL_DEFAULT_IMPLICIT_TIMEOUT=Default wait for element timeout (in seconds)
PREF_LBL_LOG_TEST_STEPS=Log executed test steps
PREF_LBL_DEFAULT_WAIT_FOR_IE_HANGING_TIMEOUT=Default wait time when IE hangs (in seconds)
PREF_LBL_DEFAULT_PAGE_LOAD_TIMEOUT=Default page load timeout
PREF_LBL_ENABLE_DEFAULT_PAGE_LOAD_TIMEOUT=Wait until the page is loaded
PREF_LBL_CUSTOM_PAGE_LOAD_TIMEOUT=Wait for (in seconds)
PREF_LBL_IGNORE_DEFAULT_PAGE_LOAD_TIMEOUT_EXCEPTION=Continue to run after timeout
PREF_LBL_HOST=Host
PREF_LBL_PASSWORD=Password
PREF_LBL_PORT=Port
PREF_CHECK_USE_USERNAME_AS_SENDER=Use username as sender
PREF_LBL_REPORT_SENDER=Sender
PREF_LBL_REPORT_RECIPIENTS=Recipients
PREF_TXT_PH_RECIPIENTS =Eg: Recipient_A@gmail.com; Recipient_B@yahoo.com
PREF_LBL_SUBJECT =Subject
PREF_LBL_CC =Cc
PREF_LBL_BCC =Bcc
PREF_LBL_BODY =Body
PREF_LNK_EDIT_TEMPLATE=Edit Template
PREF_LBL_SECURITY_PROTOCOL=Protocol
PREF_LBL_INCLUDE_ATTACHMENT=Include report as email attachment
PREF_LBL_SEND_TEST_EMAIL=Send test email
PREF_LBL_SIGNATURE=Signature
PREF_LBL_USERNAME=Username
PREF_MSG_TEST_EMAIL_IS_SENT_SUCCESSFULLY=Test email is sent successfully\!
PREF_REPLACEMENT_APACHE_MAIL_ERROR_MSG=Unable to send email to following server{0}. Please check configuration on your email server. Refer to <a href\="https://docs.katalon.com/display/KD/Emails+Settings#EmailsSettings-ConfigureEmailSettingsinEmailPreferences">this guide</a> for more details.
PREF_SEND_TEST_EMAIL_JOB_NAME=Sending test email
SETT_COL_DRIVER_PREFERENCE_NAME=Driver Name
SETT_COL_PREFERENCE=Preferences
SETT_COL_PREFERENCE_TYPE=Type
SETT_ERROR_MSG_UNABLE_TO_SAVE_PROJ_SETTS=Unable to save the project settings
TRACE_WARN_MSG_UNABLE_TO_OPEN_KEYWORD_FILE=Unable to open the keyword's file
TRACE_WARN_MSG_UNABLE_TO_OPEN_TEST_CASE=Unable to open the test case.
WARN_EMPTY_HOST=Empty host
WARN_EMPTY_PASSWORD=Empty password
WARN_EMPTY_PORT=Empty port
WARN_EMPTY_RECIPIENTS=Empty email recipients
WARN_EMPTY_USERNAME=Empty username
WARN_INVALID_PORT=Invalid port. Port must be an integer number.
WARN_TEST_OBEJCT_NOT_FOUND=Test object ''{0}'' doesn''t exist
WARN_TEST_DATA_NOT_FOUND=Test data ''{0}'' doesn''t exist
WARN_CHECK_POINT_NOT_FOUND=Checkpoint ''{0}'' doesn''t exist
WARN_TEST_CASE_NOT_FOUND=Test case ''{0}'' doesn''t exist
DIA_TITLE_RUN_CONFIG_SELECTION=Select an environment
DIA_MSG_CONFIGURATION_IS_REQUIRED=A configuration is required
DIA_LBL_RUN_WITH=Run with
DIA_LBL_RUN_CONFIGURATION=Run Configuration
PREF_LBL_REPORT_FORMAT=Report format
PREF_CHECK_ENABLE_AUTHENTICATION_ENCRYPTION=Encrypt authentication data (recommended)
DIA_MSG_ANDROID_SDK_MISSING=Android SDK is missing. Do you want to download Android SDK?
DIA_JOB_DOWNLOAD_AND_INSTALL_ANDROID_SDK=Download and Install Android SDK?
PREF_MSG_UNABLE_TO_SAVE_PROXY_CONFIG=Unable to save proxy configuration.
TOOLTIP_CONTROL_EXECUTION_PROFILE=Select execution profile
DIA_LBL_PROFILE=Profile
DIA_TITLE_EXECUTION_PROILE=Select an execution profile
PA_MSG_UNABLE_TO_SELECT_EXECUTION_PROFILES=Unable to select execution profiles.
DIA_MSG_SEND_EMAIL_REPORT_FOR_FAILED_TEST_ONLY=Send email report only for test execution has FAILED test cases.
DIA_MSG_SEND_EMAIL_REPORT_FOR_ALL_CASES=Send email report for all test executions
AbstractExecutionHandler_HAND_MSG_UNABLE_TO_EXECUTE_FEATURE_FILE=Unable to execute the selected feature file
AbstractExecutionHandler_HAND_JOB_LAUNCHING_FEATURE_FILE=Launching feature file...
DIA_TITLE_UNABLE_TO_OPEN_HAR_FILE=Unable to open HAR file
DIA_API_KEY=Katalon API Key
DIA_ANALYTICS_PROJECT=Katalon TestOps Project
DIA_TITLE_TEAM=Team
DIA_TITLE_PROJECT=Project
REPORT_MSG_MUST_ENTER_API_KEY=Please enter API Key.
DIA_TITLE_UNABLE_TO_OPEN_HAR_FILE=Unable to open HAR file
